  Hash_table.cpp
D:\YandexDisk\Личное\Хобби\Программирование\C\Projects\Grokking Algorithms (Cpp examples)\Ch.5 - Hash tables\Hash_table\Hash_table.cpp(11,30): warning C4305: =: усечение из "double" в "float"
C:\Program Files (x86)\Microsoft Visual Studio\2019\Community\VC\Tools\MSVC\14.28.29333\include\utility(190,1): warning C4244: инициализация: преобразование "_Ty" в "_Ty2", возможна потеря данных
          with
          [
              _Ty=double
          ]
          and
          [
              _Ty2=float
          ]
D:\YandexDisk\Личное\Хобби\Программирование\C\Projects\Grokking Algorithms (Cpp examples)\Ch.5 - Hash tables\Hash_table\Hash_table.cpp(13): message : выполняется компиляция ссылки на экземпляр шаблон функции "std::pair<std::string,float>::pair<const char(&)[7],double,0>(_Other1,_Other2 &&) noexcept(false)"
          with
          [
              _Other1=const char (&)[7],
              _Other2=double
          ]
D:\YandexDisk\Личное\Хобби\Программирование\C\Projects\Grokking Algorithms (Cpp examples)\Ch.5 - Hash tables\Hash_table\Hash_table.cpp(13): message : выполняется компиляция ссылки на экземпляр шаблон функции "std::pair<std::string,float>::pair<const char(&)[7],double,0>(_Other1,_Other2 &&) noexcept(false)"
          with
          [
              _Other1=const char (&)[7],
              _Other2=double
          ]
C:\Program Files (x86)\Microsoft Visual Studio\2019\Community\VC\Tools\MSVC\14.28.29333\include\utility(246,1): warning C4244: инициализация: преобразование "_Ty" в "_Ty2", возможна потеря данных
          with
          [
              _Ty=double
          ]
          and
          [
              _Ty2=float
          ]
C:\Program Files (x86)\Microsoft Visual Studio\2019\Community\VC\Tools\MSVC\14.28.29333\include\xmemory(700): message : выполняется компиляция ссылки на экземпляр шаблон функции "std::pair<const std::string,float>::pair<const char*,double,0>(std::pair<const char *,double> &&) noexcept(false)"
C:\Program Files (x86)\Microsoft Visual Studio\2019\Community\VC\Tools\MSVC\14.28.29333\include\xmemory(701): message : выполняется компиляция ссылки на экземпляр шаблон функции "std::pair<const std::string,float>::pair<const char*,double,0>(std::pair<const char *,double> &&) noexcept(false)"
C:\Program Files (x86)\Microsoft Visual Studio\2019\Community\VC\Tools\MSVC\14.28.29333\include\xtree(805): message : выполняется компиляция ссылки на экземпляр шаблон функции "void std::_Default_allocator_traits<_Alloc>::construct<_Ty,std::pair<const char *,double>>(_Alloc &,_Objty *const ,std::pair<const char *,double> &&)"
          with
          [
              _Alloc=std::allocator<std::_Tree_node<std::pair<const std::string,float>,std::_Default_allocator_traits<std::allocator<std::pair<const std::string,float>>>::void_pointer>>,
              _Ty=std::pair<const std::string,float>,
              _Objty=std::pair<const std::string,float>
          ]
C:\Program Files (x86)\Microsoft Visual Studio\2019\Community\VC\Tools\MSVC\14.28.29333\include\xtree(806): message : выполняется компиляция ссылки на экземпляр шаблон функции "void std::_Default_allocator_traits<_Alloc>::construct<_Ty,std::pair<const char *,double>>(_Alloc &,_Objty *const ,std::pair<const char *,double> &&)"
          with
          [
              _Alloc=std::allocator<std::_Tree_node<std::pair<const std::string,float>,std::_Default_allocator_traits<std::allocator<std::pair<const std::string,float>>>::void_pointer>>,
              _Ty=std::pair<const std::string,float>,
              _Objty=std::pair<const std::string,float>
          ]
C:\Program Files (x86)\Microsoft Visual Studio\2019\Community\VC\Tools\MSVC\14.28.29333\include\xtree(1002): message : выполняется компиляция ссылки на экземпляр шаблон функции "std::_Tree_temp_node<std::allocator<std::_Tree_node<std::pair<const std::string,float>,std::_Default_allocator_traits<_Alloc>::void_pointer>>>::_Tree_temp_node<_Ty>(_Alnode &,std::_Tree_node<std::pair<const std::string,float>,std::_Default_allocator_traits<_Alloc>::void_pointer> *,_Ty &&)"
          with
          [
              _Alloc=std::allocator<std::pair<const std::string,float>>,
              _Ty=std::pair<const char *,double>,
              _Alnode=std::allocator<std::_Tree_node<std::pair<const std::string,float>,std::_Default_allocator_traits<std::allocator<std::pair<const std::string,float>>>::void_pointer>>
          ]
C:\Program Files (x86)\Microsoft Visual Studio\2019\Community\VC\Tools\MSVC\14.28.29333\include\xtree(1018): message : выполняется компиляция ссылки на экземпляр шаблон функции "std::_Tree_temp_node<std::allocator<std::_Tree_node<std::pair<const std::string,float>,std::_Default_allocator_traits<_Alloc>::void_pointer>>>::_Tree_temp_node<_Ty>(_Alnode &,std::_Tree_node<std::pair<const std::string,float>,std::_Default_allocator_traits<_Alloc>::void_pointer> *,_Ty &&)"
          with
          [
              _Alloc=std::allocator<std::pair<const std::string,float>>,
              _Ty=std::pair<const char *,double>,
              _Alnode=std::allocator<std::_Tree_node<std::pair<const std::string,float>,std::_Default_allocator_traits<std::allocator<std::pair<const std::string,float>>>::void_pointer>>
          ]
C:\Program Files (x86)\Microsoft Visual Studio\2019\Community\VC\Tools\MSVC\14.28.29333\include\xtree(1094): message : выполняется компиляция ссылки на экземпляр шаблон функции "std::pair<std::_Tree_node<std::pair<const std::string,float>,std::_Default_allocator_traits<_Alloc>::void_pointer> *,bool> std::_Tree<std::_Tmap_traits<_Kty,_Ty,_Pr,_Alloc,false>>::_Emplace<std::pair<const char *,double>>(std::pair<const char *,double> &&)"
          with
          [
              _Alloc=std::allocator<std::pair<const std::string,float>>,
              _Kty=std::string,
              _Ty=float,
              _Pr=std::less<std::string>
          ]
C:\Program Files (x86)\Microsoft Visual Studio\2019\Community\VC\Tools\MSVC\14.28.29333\include\xtree(1095): message : выполняется компиляция ссылки на экземпляр шаблон функции "std::pair<std::_Tree_node<std::pair<const std::string,float>,std::_Default_allocator_traits<_Alloc>::void_pointer> *,bool> std::_Tree<std::_Tmap_traits<_Kty,_Ty,_Pr,_Alloc,false>>::_Emplace<std::pair<const char *,double>>(std::pair<const char *,double> &&)"
          with
          [
              _Alloc=std::allocator<std::pair<const std::string,float>>,
              _Kty=std::string,
              _Ty=float,
              _Pr=std::less<std::string>
          ]
C:\Program Files (x86)\Microsoft Visual Studio\2019\Community\VC\Tools\MSVC\14.28.29333\include\map(165): message : выполняется компиляция ссылки на экземпляр шаблон функции "std::pair<std::_Tree_iterator<std::_Tree_val<std::_Tree_simple_types<std::pair<const std::string,float>>>>,bool> std::_Tree<std::_Tmap_traits<_Kty,_Ty,_Pr,_Alloc,false>>::emplace<std::pair<const char *,double>>(std::pair<const char *,double> &&)"
          with
          [
              _Kty=std::string,
              _Ty=float,
              _Pr=std::less<std::string>,
              _Alloc=std::allocator<std::pair<const std::string,float>>
          ]
C:\Program Files (x86)\Microsoft Visual Studio\2019\Community\VC\Tools\MSVC\14.28.29333\include\map(165): message : выполняется компиляция ссылки на экземпляр шаблон функции "std::pair<std::_Tree_iterator<std::_Tree_val<std::_Tree_simple_types<std::pair<const std::string,float>>>>,bool> std::_Tree<std::_Tmap_traits<_Kty,_Ty,_Pr,_Alloc,false>>::emplace<std::pair<const char *,double>>(std::pair<const char *,double> &&)"
          with
          [
              _Kty=std::string,
              _Ty=float,
              _Pr=std::less<std::string>,
              _Alloc=std::allocator<std::pair<const std::string,float>>
          ]
D:\YandexDisk\Личное\Хобби\Программирование\C\Projects\Grokking Algorithms (Cpp examples)\Ch.5 - Hash tables\Hash_table\Hash_table.cpp(14): message : выполняется компиляция ссылки на экземпляр шаблон функции "std::pair<std::_Tree_iterator<std::_Tree_val<std::_Tree_simple_types<std::pair<const std::string,float>>>>,bool> std::map<std::string,float,std::less<std::string>,std::allocator<std::pair<const std::string,float>>>::insert<std::pair<const char *,double>,0>(_Valty &&)"
          with
          [
              _Valty=std::pair<const char *,double>
          ]
D:\YandexDisk\Личное\Хобби\Программирование\C\Projects\Grokking Algorithms (Cpp examples)\Ch.5 - Hash tables\Hash_table\Hash_table.cpp(14): message : выполняется компиляция ссылки на экземпляр шаблон функции "std::pair<std::_Tree_iterator<std::_Tree_val<std::_Tree_simple_types<std::pair<const std::string,float>>>>,bool> std::map<std::string,float,std::less<std::string>,std::allocator<std::pair<const std::string,float>>>::insert<std::pair<const char *,double>,0>(_Valty &&)"
          with
          [
              _Valty=std::pair<const char *,double>
          ]
  Hash_table.vcxproj -> D:\YandexDisk\Личное\Хобби\Программирование\C\Projects\Grokking Algorithms (Cpp examples)\Ch.5 - Hash tables\Hash_table\Debug\Hash_table.exe
